
游꿡 Re-Be World Game Server
游니 Socket.io server running on port 3005
游깷 Ready for multiplayer connections!

[11:28:21 PM] 游릭 Player connected: d60_uK7i8rg2p0ssAAAB
[11:29:09 PM] 游녻 Player joined: 述왦뿐 (d60_...)
[11:29:09 PM] 游늵 Total players: 1
[11:29:44 PM] 游댮 Player disconnected: 述왦뿐 (d60_...)
[11:29:44 PM] 游늵 Total players: 0
[11:29:46 PM] 游릭 Player connected: Pd_zcSHPVoRp7-k7AAAD
[11:29:52 PM] 游녻 Player joined: 述왦뿐 (Pd_z...)
[11:29:52 PM] 游늵 Total players: 1
[11:30:18 PM] 游댮 Player disconnected: 述왦뿐 (Pd_z...)
[11:30:18 PM] 游늵 Total players: 0
[11:30:20 PM] 游릭 Player connected: qjLWM3AZSZvqFsi9AAAF
[11:45:31 PM] 游늵 Total players: 0
[11:45:58 PM] 游릭 Player connected: fev30UZRlfGiJE_oAAAH
[12:08:14 AM] 游늵 Total players: 0
[12:08:47 AM] 游릭 Player connected: E_8IAws71MhOQuqyAAAJ
[12:18:18 AM] 游늵 Total players: 0
[12:18:51 AM] 游릭 Player connected: 4e4W3LEE3NTVymHrAAAL
[12:19:22 AM] 游늵 Total players: 0
[12:19:23 AM] 游릭 Player connected: uIS67sW8-crV5HbfAAAN
[12:39:59 AM] 游늵 Total players: 0
[12:40:31 AM] 游릭 Player connected: lk4DdJV4_Zg2j7yOAAAP
[12:57:06 AM] 游늵 Total players: 0
[12:57:10 AM] 游릭 Player connected: NnjiEg9J3W4n8wnOAAAR
[1:18:38 AM] 游늵 Total players: 0
[1:19:00 AM] 游릭 Player connected: cLwuBmimpPLkafhyAAAT
[1:31:19 AM] 游늵 Total players: 0
[1:31:21 AM] 游릭 Player connected: y_A-g7LCc2GmvFDxAAAV
[1:50:21 AM] 游늵 Total players: 0
[1:50:58 AM] 游릭 Player connected: ON5ZAifaDuxgSo9MAAAX
[1:51:02 AM] 游늵 Total players: 0
[1:51:03 AM] 游릭 Player connected: 3jIGgGnJEqMqK9gJAAAZ
[2:07:39 AM] 游늵 Total players: 0
[2:07:53 AM] 游릭 Player connected: jsksOZz48zbXPQLMAAAb
[2:24:29 AM] 游늵 Total players: 0
[2:24:46 AM] 游릭 Player connected: XaJ_2BhbrWAwUSk1AAAd
[2:32:23 AM] 游늵 Total players: 0
[2:32:47 AM] 游릭 Player connected: MFRT9AGtk7aJ45I5AAAf
[2:49:57 AM] 游늵 Total players: 0
[2:50:04 AM] 游릭 Player connected: hIJ0OrNiSf7c1tWqAAAh
[3:10:00 AM] 游늵 Total players: 0
[3:10:16 AM] 游릭 Player connected: GFGOaxWCkZGiwrvmAAAj
[4:29:46 AM] 游늵 Total players: 0
[5:03:02 PM] 游릭 Player connected: aBY5mAWGg9-kRgp9AAAl
[7:02:53 PM] 游늵 Total players: 0
